Started GET "/api/v1/sentences" for 127.0.0.1 at 2018-08-21 14:40:58 -0400
  [1m[35m (0.5ms)[0m  [1m[34mSELECT "schema_migrations"."version" FROM "schema_migrations" ORDER BY "schema_migrations"."version" ASC[0m
  ↳ /Users/danielran/.rvm/gems/ruby-2.3.3/gems/activerecord-5.2.1/lib/active_record/log_subscriber.rb:98
Processing by Api::V1::SentencesController#index as */*
  [1m[36mSentence Load (0.4ms)[0m  [1m[34mSELECT "sentences".* FROM "sentences"[0m
  ↳ app/controllers/api/v1/sentences_controller.rb:5
Completed 200 OK in 9ms (Views: 1.5ms | ActiveRecord: 1.6ms)


  [1m[35m (0.5ms)[0m  [1m[35mCREATE DATABASE "ArticuSnake_development" ENCODING = 'unicode'[0m
  ↳ /Users/danielran/.rvm/gems/ruby-2.3.3/bin/rake:23
  [1m[35m (0.4ms)[0m  [1m[35mCREATE DATABASE "ArticuSnake_test" ENCODING = 'unicode'[0m
  ↳ /Users/danielran/.rvm/gems/ruby-2.3.3/bin/rake:23
  [1m[35m (0.1ms)[0m  [1m[34mSELECT pg_try_advisory_lock(8256443452090446480)[0m
  ↳ /Users/danielran/.rvm/gems/ruby-2.3.3/bin/rake:23
  [1m[35m (0.4ms)[0m  [1m[34mSELECT "schema_migrations"."version" FROM "schema_migrations" ORDER BY "schema_migrations"."version" ASC[0m
  ↳ /Users/danielran/.rvm/gems/ruby-2.3.3/bin/rake:23
  [1m[36mActiveRecord::InternalMetadata Load (0.3ms)[0m  [1m[34mSELECT  "ar_internal_metadata".* FROM "ar_internal_metadata" WHERE "ar_internal_metadata"."key" = $1 LIMIT $2[0m  [["key", "environment"], ["LIMIT", 1]]
  ↳ /Users/danielran/.rvm/gems/ruby-2.3.3/bin/rake:23
  [1m[35m (0.1ms)[0m  [1m[35mBEGIN[0m
  ↳ /Users/danielran/.rvm/gems/ruby-2.3.3/bin/rake:23
  [1m[35m (0.2ms)[0m  [1m[35mCOMMIT[0m
  ↳ /Users/danielran/.rvm/gems/ruby-2.3.3/bin/rake:23
  [1m[35m (0.2ms)[0m  [1m[34mSELECT pg_advisory_unlock(8256443452090446480)[0m
  ↳ /Users/danielran/.rvm/gems/ruby-2.3.3/bin/rake:23
  [1m[35m (0.2ms)[0m  [1m[34mSELECT "schema_migrations"."version" FROM "schema_migrations" ORDER BY "schema_migrations"."version" ASC[0m
  ↳ /Users/danielran/.rvm/gems/ruby-2.3.3/bin/rake:23
  [1m[35m (0.5ms)[0m  [1m[34mSELECT "schema_migrations"."version" FROM "schema_migrations" ORDER BY "schema_migrations"."version" ASC[0m
  ↳ /Users/danielran/.rvm/gems/ruby-2.3.3/bin/rake:23
  [1m[35m (0.2ms)[0m  [1m[35mBEGIN[0m
  ↳ db/seeds.rb:9
  [1m[36mUser Create (0.6ms)[0m  [1m[32mINSERT INTO "users" ("name", "created_at", "updated_at") VALUES ($1, $2, $3) RETURNING "id"[0m  [["name", "Kai"], ["created_at", "2018-08-21 18:41:34.789181"], ["updated_at", "2018-08-21 18:41:34.789181"]]
  ↳ db/seeds.rb:9
  [1m[35m (6.4ms)[0m  [1m[35mCOMMIT[0m
  ↳ db/seeds.rb:9
  [1m[35m (0.2ms)[0m  [1m[35mBEGIN[0m
  ↳ db/seeds.rb:10
  [1m[36mUser Create (0.4ms)[0m  [1m[32mINSERT INTO "users" ("name", "created_at", "updated_at") VALUES ($1, $2, $3) RETURNING "id"[0m  [["name", "Sean"], ["created_at", "2018-08-21 18:41:34.798456"], ["updated_at", "2018-08-21 18:41:34.798456"]]
  ↳ db/seeds.rb:10
  [1m[35m (0.5ms)[0m  [1m[35mCOMMIT[0m
  ↳ db/seeds.rb:10
  [1m[35m (0.1ms)[0m  [1m[35mBEGIN[0m
  ↳ db/seeds.rb:11
  [1m[36mUser Create (0.3ms)[0m  [1m[32mINSERT INTO "users" ("name", "created_at", "updated_at") VALUES ($1, $2, $3) RETURNING "id"[0m  [["name", "Dan"], ["created_at", "2018-08-21 18:41:34.801412"], ["updated_at", "2018-08-21 18:41:34.801412"]]
  ↳ db/seeds.rb:11
  [1m[35m (0.4ms)[0m  [1m[35mCOMMIT[0m
  ↳ db/seeds.rb:11
  [1m[35m (0.1ms)[0m  [1m[35mBEGIN[0m
  ↳ db/seeds.rb:12
  [1m[36mUser Create (0.2ms)[0m  [1m[32mINSERT INTO "users" ("name", "created_at", "updated_at") VALUES ($1, $2, $3) RETURNING "id"[0m  [["name", "Tyrion"], ["created_at", "2018-08-21 18:41:34.804021"], ["updated_at", "2018-08-21 18:41:34.804021"]]
  ↳ db/seeds.rb:12
  [1m[35m (0.3ms)[0m  [1m[35mCOMMIT[0m
  ↳ db/seeds.rb:12
  [1m[35m (0.1ms)[0m  [1m[35mBEGIN[0m
  ↳ db/seeds.rb:13
  [1m[36mUser Create (0.3ms)[0m  [1m[32mINSERT INTO "users" ("name", "created_at", "updated_at") VALUES ($1, $2, $3) RETURNING "id"[0m  [["name", "Tywin"], ["created_at", "2018-08-21 18:41:34.806211"], ["updated_at", "2018-08-21 18:41:34.806211"]]
  ↳ db/seeds.rb:13
  [1m[35m (0.5ms)[0m  [1m[35mCOMMIT[0m
  ↳ db/seeds.rb:13
  [1m[35m (0.2ms)[0m  [1m[35mBEGIN[0m
  ↳ db/seeds.rb:15
  [1m[36mSentence Create (0.6ms)[0m  [1m[32mINSERT INTO "sentences" ("content", "language", "difficulty", "created_at", "updated_at") VALUES ($1, $2, $3, $4, $5) RETURNING "id"[0m  [["content", "Hi, how are you?"], ["language", "english"], ["difficulty", 1], ["created_at", "2018-08-21 18:41:34.821203"], ["updated_at", "2018-08-21 18:41:34.821203"]]
  ↳ db/seeds.rb:15
  [1m[35m (0.3ms)[0m  [1m[35mCOMMIT[0m
  ↳ db/seeds.rb:15
  [1m[35m (0.1ms)[0m  [1m[35mBEGIN[0m
  ↳ db/seeds.rb:16
  [1m[36mSentence Create (0.2ms)[0m  [1m[32mINSERT INTO "sentences" ("content", "language", "difficulty", "created_at", "updated_at") VALUES ($1, $2, $3, $4, $5) RETURNING "id"[0m  [["content", "The weather is nice today"], ["language", "english"], ["difficulty", 1], ["created_at", "2018-08-21 18:41:34.823700"], ["updated_at", "2018-08-21 18:41:34.823700"]]
  ↳ db/seeds.rb:16
  [1m[35m (0.3ms)[0m  [1m[35mCOMMIT[0m
  ↳ db/seeds.rb:16
  [1m[35m (0.1ms)[0m  [1m[35mBEGIN[0m
  ↳ db/seeds.rb:17
  [1m[36mSentence Create (0.2ms)[0m  [1m[32mINSERT INTO "sentences" ("content", "language", "difficulty", "created_at", "updated_at") VALUES ($1, $2, $3, $4, $5) RETURNING "id"[0m  [["content", "I ate soup for lunch"], ["language", "english"], ["difficulty", 1], ["created_at", "2018-08-21 18:41:34.825356"], ["updated_at", "2018-08-21 18:41:34.825356"]]
  ↳ db/seeds.rb:17
  [1m[35m (0.3ms)[0m  [1m[35mCOMMIT[0m
  ↳ db/seeds.rb:17
  [1m[35m (0.1ms)[0m  [1m[35mBEGIN[0m
  ↳ db/seeds.rb:18
  [1m[36mSentence Create (0.2ms)[0m  [1m[32mINSERT INTO "sentences" ("content", "language", "difficulty", "created_at", "updated_at") VALUES ($1, $2, $3, $4, $5) RETURNING "id"[0m  [["content", "Your dog is cute"], ["language", "english"], ["difficulty", 1], ["created_at", "2018-08-21 18:41:34.826962"], ["updated_at", "2018-08-21 18:41:34.826962"]]
  ↳ db/seeds.rb:18
  [1m[35m (0.3ms)[0m  [1m[35mCOMMIT[0m
  ↳ db/seeds.rb:18
  [1m[35m (0.1ms)[0m  [1m[35mBEGIN[0m
  ↳ db/seeds.rb:19
  [1m[36mSentence Create (0.2ms)[0m  [1m[32mINSERT INTO "sentences" ("content", "language", "difficulty", "created_at", "updated_at") VALUES ($1, $2, $3, $4, $5) RETURNING "id"[0m  [["content", "The heretics must be burned at the stake, for their violations of our lords word is both blasphemous and dangerous"], ["language", "english"], ["difficulty", 3], ["created_at", "2018-08-21 18:41:34.828681"], ["updated_at", "2018-08-21 18:41:34.828681"]]
  ↳ db/seeds.rb:19
  [1m[35m (0.3ms)[0m  [1m[35mCOMMIT[0m
  ↳ db/seeds.rb:19
  [1m[35m (0.1ms)[0m  [1m[35mBEGIN[0m
  ↳ db/seeds.rb:20
  [1m[36mSentence Create (0.2ms)[0m  [1m[32mINSERT INTO "sentences" ("content", "language", "difficulty", "created_at", "updated_at") VALUES ($1, $2, $3, $4, $5) RETURNING "id"[0m  [["content", "I like pie"], ["language", "english"], ["difficulty", 1], ["created_at", "2018-08-21 18:41:34.830427"], ["updated_at", "2018-08-21 18:41:34.830427"]]
  ↳ db/seeds.rb:20
  [1m[35m (0.3ms)[0m  [1m[35mCOMMIT[0m
  ↳ db/seeds.rb:20
  [1m[35m (0.1ms)[0m  [1m[35mBEGIN[0m
  ↳ db/seeds.rb:21
  [1m[36mSentence Create (0.2ms)[0m  [1m[32mINSERT INTO "sentences" ("content", "language", "difficulty", "created_at", "updated_at") VALUES ($1, $2, $3, $4, $5) RETURNING "id"[0m  [["content", "I am groot"], ["language", "english"], ["difficulty", 1], ["created_at", "2018-08-21 18:41:34.832165"], ["updated_at", "2018-08-21 18:41:34.832165"]]
  ↳ db/seeds.rb:21
  [1m[35m (0.3ms)[0m  [1m[35mCOMMIT[0m
  ↳ db/seeds.rb:21
  [1m[35m (0.1ms)[0m  [1m[35mBEGIN[0m
  ↳ db/seeds.rb:22
  [1m[36mSentence Create (0.2ms)[0m  [1m[32mINSERT INTO "sentences" ("content", "language", "difficulty", "created_at", "updated_at") VALUES ($1, $2, $3, $4, $5) RETURNING "id"[0m  [["content", "A Lannister always repays his debts"], ["language", "english"], ["difficulty", 2], ["created_at", "2018-08-21 18:41:34.833816"], ["updated_at", "2018-08-21 18:41:34.833816"]]
  ↳ db/seeds.rb:22
  [1m[35m (0.2ms)[0m  [1m[35mCOMMIT[0m
  ↳ db/seeds.rb:22
Started GET "/api/v1/sentences" for 127.0.0.1 at 2018-08-21 14:41:48 -0400
Processing by Api::V1::SentencesController#index as */*
  [1m[36mSentence Load (0.6ms)[0m  [1m[34mSELECT "sentences".* FROM "sentences"[0m
  ↳ app/controllers/api/v1/sentences_controller.rb:5
Completed 200 OK in 17ms (Views: 8.9ms | ActiveRecord: 5.0ms)


Started GET "/api/v1/sentences" for 127.0.0.1 at 2018-08-21 14:42:02 -0400
Processing by Api::V1::SentencesController#index as */*
  [1m[36mSentence Load (0.3ms)[0m  [1m[34mSELECT "sentences".* FROM "sentences"[0m
  ↳ app/controllers/api/v1/sentences_controller.rb:5
Completed 200 OK in 3ms (Views: 2.0ms | ActiveRecord: 0.3ms)


Started GET "/api/v1/sentences" for 127.0.0.1 at 2018-08-21 14:42:03 -0400
Processing by Api::V1::SentencesController#index as */*
  [1m[36mSentence Load (0.2ms)[0m  [1m[34mSELECT "sentences".* FROM "sentences"[0m
  ↳ app/controllers/api/v1/sentences_controller.rb:5
Completed 200 OK in 2ms (Views: 2.0ms | ActiveRecord: 0.2ms)


Started GET "/api/v1/sentences" for 127.0.0.1 at 2018-08-21 14:42:03 -0400
Processing by Api::V1::SentencesController#index as */*
  [1m[36mSentence Load (0.3ms)[0m  [1m[34mSELECT "sentences".* FROM "sentences"[0m
  ↳ app/controllers/api/v1/sentences_controller.rb:5
Completed 200 OK in 2ms (Views: 1.9ms | ActiveRecord: 0.3ms)


Started GET "/api/v1/sentences" for 127.0.0.1 at 2018-08-21 14:42:07 -0400
Processing by Api::V1::SentencesController#index as */*
  [1m[36mSentence Load (0.3ms)[0m  [1m[34mSELECT "sentences".* FROM "sentences"[0m
  ↳ app/controllers/api/v1/sentences_controller.rb:5
Completed 200 OK in 2ms (Views: 2.0ms | ActiveRecord: 0.3ms)


Started GET "/api/v1/sentences" for 127.0.0.1 at 2018-08-21 14:42:07 -0400
Processing by Api::V1::SentencesController#index as */*
  [1m[36mSentence Load (0.3ms)[0m  [1m[34mSELECT "sentences".* FROM "sentences"[0m
  ↳ app/controllers/api/v1/sentences_controller.rb:5
Completed 200 OK in 3ms (Views: 2.3ms | ActiveRecord: 0.3ms)


Started GET "/api/v1/sentences" for 127.0.0.1 at 2018-08-21 14:42:08 -0400
Processing by Api::V1::SentencesController#index as */*
  [1m[36mSentence Load (0.3ms)[0m  [1m[34mSELECT "sentences".* FROM "sentences"[0m
  ↳ app/controllers/api/v1/sentences_controller.rb:5
Completed 200 OK in 3ms (Views: 2.3ms | ActiveRecord: 0.3ms)


Started GET "/api/v1/sentences" for 127.0.0.1 at 2018-08-21 14:42:08 -0400
Processing by Api::V1::SentencesController#index as */*
  [1m[36mSentence Load (0.3ms)[0m  [1m[34mSELECT "sentences".* FROM "sentences"[0m
  ↳ app/controllers/api/v1/sentences_controller.rb:5
Completed 200 OK in 3ms (Views: 2.1ms | ActiveRecord: 0.3ms)


Started GET "/api/v1/sentences" for 127.0.0.1 at 2018-08-21 14:42:09 -0400
Processing by Api::V1::SentencesController#index as */*
  [1m[36mSentence Load (0.2ms)[0m  [1m[34mSELECT "sentences".* FROM "sentences"[0m
  ↳ app/controllers/api/v1/sentences_controller.rb:5
Completed 200 OK in 3ms (Views: 2.3ms | ActiveRecord: 0.2ms)


Started GET "/api/v1/sentences" for 127.0.0.1 at 2018-08-21 14:42:09 -0400
Processing by Api::V1::SentencesController#index as */*
  [1m[36mSentence Load (0.3ms)[0m  [1m[34mSELECT "sentences".* FROM "sentences"[0m
  ↳ app/controllers/api/v1/sentences_controller.rb:5
Completed 200 OK in 4ms (Views: 3.6ms | ActiveRecord: 0.3ms)


Started GET "/" for 127.0.0.1 at 2018-08-21 14:42:17 -0400
Processing by Rails::WelcomeController#index as HTML
  Rendering /Users/danielran/.rvm/gems/ruby-2.3.3/gems/railties-5.2.1/lib/rails/templates/rails/welcome/index.html.erb
  Rendered /Users/danielran/.rvm/gems/ruby-2.3.3/gems/railties-5.2.1/lib/rails/templates/rails/welcome/index.html.erb (3.9ms)
Completed 200 OK in 13ms (Views: 10.9ms | ActiveRecord: 0.0ms)


Started GET "/sentences" for 127.0.0.1 at 2018-08-21 14:42:21 -0400
  
ActionController::RoutingError (No route matches [GET] "/sentences"):
  
actionpack (5.2.1) lib/action_dispatch/middleware/debug_exceptions.rb:65:in `call'
actionpack (5.2.1) lib/action_dispatch/middleware/show_exceptions.rb:33:in `call'
railties (5.2.1) lib/rails/rack/logger.rb:38:in `call_app'
railties (5.2.1) lib/rails/rack/logger.rb:26:in `block in call'
activesupport (5.2.1) lib/active_support/tagged_logging.rb:71:in `block in tagged'
activesupport (5.2.1) lib/active_support/tagged_logging.rb:28:in `tagged'
activesupport (5.2.1) lib/active_support/tagged_logging.rb:71:in `tagged'
railties (5.2.1) lib/rails/rack/logger.rb:26:in `call'
actionpack (5.2.1) lib/action_dispatch/middleware/remote_ip.rb:81:in `call'
actionpack (5.2.1) lib/action_dispatch/middleware/request_id.rb:27:in `call'
rack (2.0.5) lib/rack/runtime.rb:22:in `call'
activesupport (5.2.1) lib/active_support/cache/strategy/local_cache_middleware.rb:29:in `call'
actionpack (5.2.1) lib/action_dispatch/middleware/executor.rb:14:in `call'
actionpack (5.2.1) lib/action_dispatch/middleware/static.rb:127:in `call'
rack (2.0.5) lib/rack/sendfile.rb:111:in `call'
rack-cors (1.0.2) lib/rack/cors.rb:97:in `call'
railties (5.2.1) lib/rails/engine.rb:524:in `call'
puma (3.12.0) lib/puma/configuration.rb:225:in `call'
puma (3.12.0) lib/puma/server.rb:658:in `handle_request'
puma (3.12.0) lib/puma/server.rb:472:in `process_client'
puma (3.12.0) lib/puma/server.rb:332:in `block in run'
puma (3.12.0) lib/puma/thread_pool.rb:133:in `block in spawn_thread'
Started GET "/users" for 127.0.0.1 at 2018-08-21 14:42:25 -0400
  
ActionController::RoutingError (No route matches [GET] "/users"):
  
actionpack (5.2.1) lib/action_dispatch/middleware/debug_exceptions.rb:65:in `call'
actionpack (5.2.1) lib/action_dispatch/middleware/show_exceptions.rb:33:in `call'
railties (5.2.1) lib/rails/rack/logger.rb:38:in `call_app'
railties (5.2.1) lib/rails/rack/logger.rb:26:in `block in call'
activesupport (5.2.1) lib/active_support/tagged_logging.rb:71:in `block in tagged'
activesupport (5.2.1) lib/active_support/tagged_logging.rb:28:in `tagged'
activesupport (5.2.1) lib/active_support/tagged_logging.rb:71:in `tagged'
railties (5.2.1) lib/rails/rack/logger.rb:26:in `call'
actionpack (5.2.1) lib/action_dispatch/middleware/remote_ip.rb:81:in `call'
actionpack (5.2.1) lib/action_dispatch/middleware/request_id.rb:27:in `call'
rack (2.0.5) lib/rack/runtime.rb:22:in `call'
activesupport (5.2.1) lib/active_support/cache/strategy/local_cache_middleware.rb:29:in `call'
actionpack (5.2.1) lib/action_dispatch/middleware/executor.rb:14:in `call'
actionpack (5.2.1) lib/action_dispatch/middleware/static.rb:127:in `call'
rack (2.0.5) lib/rack/sendfile.rb:111:in `call'
rack-cors (1.0.2) lib/rack/cors.rb:97:in `call'
railties (5.2.1) lib/rails/engine.rb:524:in `call'
puma (3.12.0) lib/puma/configuration.rb:225:in `call'
puma (3.12.0) lib/puma/server.rb:658:in `handle_request'
puma (3.12.0) lib/puma/server.rb:472:in `process_client'
puma (3.12.0) lib/puma/server.rb:332:in `block in run'
puma (3.12.0) lib/puma/thread_pool.rb:133:in `block in spawn_thread'
Started GET "/api/v1/notes" for 127.0.0.1 at 2018-08-21 14:42:39 -0400
  
ActionController::RoutingError (No route matches [GET] "/api/v1/notes"):
  
actionpack (5.2.1) lib/action_dispatch/middleware/debug_exceptions.rb:65:in `call'
actionpack (5.2.1) lib/action_dispatch/middleware/show_exceptions.rb:33:in `call'
railties (5.2.1) lib/rails/rack/logger.rb:38:in `call_app'
railties (5.2.1) lib/rails/rack/logger.rb:26:in `block in call'
activesupport (5.2.1) lib/active_support/tagged_logging.rb:71:in `block in tagged'
activesupport (5.2.1) lib/active_support/tagged_logging.rb:28:in `tagged'
activesupport (5.2.1) lib/active_support/tagged_logging.rb:71:in `tagged'
railties (5.2.1) lib/rails/rack/logger.rb:26:in `call'
actionpack (5.2.1) lib/action_dispatch/middleware/remote_ip.rb:81:in `call'
actionpack (5.2.1) lib/action_dispatch/middleware/request_id.rb:27:in `call'
rack (2.0.5) lib/rack/runtime.rb:22:in `call'
activesupport (5.2.1) lib/active_support/cache/strategy/local_cache_middleware.rb:29:in `call'
actionpack (5.2.1) lib/action_dispatch/middleware/executor.rb:14:in `call'
actionpack (5.2.1) lib/action_dispatch/middleware/static.rb:127:in `call'
rack (2.0.5) lib/rack/sendfile.rb:111:in `call'
rack-cors (1.0.2) lib/rack/cors.rb:97:in `call'
railties (5.2.1) lib/rails/engine.rb:524:in `call'
puma (3.12.0) lib/puma/configuration.rb:225:in `call'
puma (3.12.0) lib/puma/server.rb:658:in `handle_request'
puma (3.12.0) lib/puma/server.rb:472:in `process_client'
puma (3.12.0) lib/puma/server.rb:332:in `block in run'
puma (3.12.0) lib/puma/thread_pool.rb:133:in `block in spawn_thread'
Started GET "/api/v1/users" for 127.0.0.1 at 2018-08-21 14:42:40 -0400
Processing by Api::V1::UsersController#index as HTML
  [1m[36mUser Load (0.5ms)[0m  [1m[34mSELECT "users".* FROM "users"[0m
  ↳ app/controllers/api/v1/users_controller.rb:5
Completed 200 OK in 13ms (Views: 6.8ms | ActiveRecord: 3.1ms)


Started GET "/api/v1/sentences" for 127.0.0.1 at 2018-08-21 14:42:46 -0400
Processing by Api::V1::SentencesController#index as HTML
  [1m[36mSentence Load (0.3ms)[0m  [1m[34mSELECT "sentences".* FROM "sentences"[0m
  ↳ app/controllers/api/v1/sentences_controller.rb:5
Completed 200 OK in 3ms (Views: 2.2ms | ActiveRecord: 0.3ms)


Started GET "/api/v1/sentences" for 127.0.0.1 at 2018-08-21 14:55:03 -0400
Processing by Api::V1::SentencesController#index as */*
  [1m[36mSentence Load (0.5ms)[0m  [1m[34mSELECT "sentences".* FROM "sentences"[0m
  ↳ app/controllers/api/v1/sentences_controller.rb:5
Completed 200 OK in 3ms (Views: 1.8ms | ActiveRecord: 0.5ms)


Started GET "/api/v1/sentences" for 127.0.0.1 at 2018-08-21 14:55:32 -0400
Processing by Api::V1::SentencesController#index as */*
  [1m[36mSentence Load (0.3ms)[0m  [1m[34mSELECT "sentences".* FROM "sentences"[0m
  ↳ app/controllers/api/v1/sentences_controller.rb:5
Completed 200 OK in 2ms (Views: 1.9ms | ActiveRecord: 0.3ms)


Started GET "/api/v1/sentences" for 127.0.0.1 at 2018-08-21 14:59:06 -0400
Processing by Api::V1::SentencesController#index as */*
  [1m[36mSentence Load (0.4ms)[0m  [1m[34mSELECT "sentences".* FROM "sentences"[0m
  ↳ app/controllers/api/v1/sentences_controller.rb:5
Completed 200 OK in 3ms (Views: 2.1ms | ActiveRecord: 0.4ms)


Started GET "/api/v1/sentences" for 127.0.0.1 at 2018-08-21 14:59:28 -0400
Processing by Api::V1::SentencesController#index as */*
  [1m[36mSentence Load (0.4ms)[0m  [1m[34mSELECT "sentences".* FROM "sentences"[0m
  ↳ app/controllers/api/v1/sentences_controller.rb:5
Completed 200 OK in 3ms (Views: 2.0ms | ActiveRecord: 0.4ms)


Started GET "/api/v1/sentences" for 127.0.0.1 at 2018-08-21 15:04:01 -0400
Processing by Api::V1::SentencesController#index as */*
  [1m[36mSentence Load (0.2ms)[0m  [1m[34mSELECT "sentences".* FROM "sentences"[0m
  ↳ app/controllers/api/v1/sentences_controller.rb:5
Completed 200 OK in 2ms (Views: 1.9ms | ActiveRecord: 0.2ms)


Started GET "/api/v1/sentences" for 127.0.0.1 at 2018-08-21 15:04:24 -0400
Processing by Api::V1::SentencesController#index as */*
  [1m[36mSentence Load (0.3ms)[0m  [1m[34mSELECT "sentences".* FROM "sentences"[0m
  ↳ app/controllers/api/v1/sentences_controller.rb:5
Completed 200 OK in 2ms (Views: 1.9ms | ActiveRecord: 0.3ms)


Started GET "/api/v1/sentences" for 127.0.0.1 at 2018-08-21 15:04:33 -0400
Processing by Api::V1::SentencesController#index as */*
  [1m[36mSentence Load (0.3ms)[0m  [1m[34mSELECT "sentences".* FROM "sentences"[0m
  ↳ app/controllers/api/v1/sentences_controller.rb:5
Completed 200 OK in 2ms (Views: 2.0ms | ActiveRecord: 0.3ms)


Started GET "/api/v1/sentences" for 127.0.0.1 at 2018-08-21 15:08:41 -0400
Processing by Api::V1::SentencesController#index as */*
  [1m[36mSentence Load (0.3ms)[0m  [1m[34mSELECT "sentences".* FROM "sentences"[0m
  ↳ app/controllers/api/v1/sentences_controller.rb:5
Completed 200 OK in 3ms (Views: 2.1ms | ActiveRecord: 0.3ms)


Started GET "/api/v1/sentences" for 127.0.0.1 at 2018-08-21 15:10:08 -0400
Processing by Api::V1::SentencesController#index as */*
  [1m[36mSentence Load (0.2ms)[0m  [1m[34mSELECT "sentences".* FROM "sentences"[0m
  ↳ app/controllers/api/v1/sentences_controller.rb:5
Completed 200 OK in 2ms (Views: 2.1ms | ActiveRecord: 0.2ms)


Started GET "/api/v1/sentences" for 127.0.0.1 at 2018-08-21 15:10:13 -0400
Processing by Api::V1::SentencesController#index as */*
  [1m[36mSentence Load (0.2ms)[0m  [1m[34mSELECT "sentences".* FROM "sentences"[0m
  ↳ app/controllers/api/v1/sentences_controller.rb:5
Completed 200 OK in 2ms (Views: 1.9ms | ActiveRecord: 0.2ms)


